#
# There is insufficient memory for the Java Runtime Environment to continue.
# Native memory allocation (mmap) failed to map 58720256 bytes for Failed to commit area from 0x00000000c8800000 to 0x00000000cc000000 of length 58720256.
# Possible reasons:
#   The system is out of physical RAM or swap space
#   The process is running with CompressedOops enabled, and the Java Heap may be blocking the growth of the native heap
# Possible solutions:
#   Reduce memory load on the system
#   Increase physical memory or swap space
#   Check if swap backing store is full
#   Decrease Java heap size (-Xmx/-Xms)
#   Decrease number of Java threads
#   Decrease Java thread stack sizes (-Xss)
#   Set larger code cache with -XX:ReservedCodeCacheSize=
# This output file may be truncated or incomplete.
#
#  Out of Memory Error (t:/workspace/open/src/hotspot/os/windows/os_windows.cpp:3264), pid=11160, tid=13636
#
# JRE version:  (12.0.2+10) (build )
# Java VM: Java HotSpot(TM) 64-Bit Server VM (12.0.2+10, mixed mode, aot, sharing, tiered, compressed oops, g1 gc, windows-amd64)
# No core dump will be written. Minidumps are not enabled by default on client versions of Windows
#

---------------  S U M M A R Y ------------

Command Line: -Dfile.encoding=Cp1252 conversor

Host: AMD E1-6010 APU with AMD Radeon R2 Graphics    , 2 cores, 3G,  Windows 8.1 , 64 bit Build 9600 (6.3.9600.17415)
Time: Sat Feb 22 17:11:55 2020 Hora estándar, América Central elapsed time: 0 seconds (0d 0h 0m 0s)

---------------  T H R E A D  ---------------

Current thread (0x000000f0f1873000):  JavaThread "Unknown thread" [_thread_in_vm, id=13636, stack(0x000000f0f0f20000,0x000000f0f1020000)]

Stack: [0x000000f0f0f20000,0x000000f0f1020000]
Native frames: (J=compiled Java code, j=interpreted, Vv=VM code, C=native code)
V  [jvm.dll+0x63aa2a]
V  [jvm.dll+0x78ce1e]
V  [jvm.dll+0x78e4c1]
V  [jvm.dll+0x78eb13]
V  [jvm.dll+0x2627e8]
V  [jvm.dll+0x637f5a]
V  [jvm.dll+0x62c845]
V  [jvm.dll+0x31e49c]
V  [jvm.dll+0x31e2cf]
V  [jvm.dll+0x324006]
V  [jvm.dll+0x371f56]
V  [jvm.dll+0x371720]
V  [jvm.dll+0x2f845a]
V  [jvm.dll+0x2f96d2]
V  [jvm.dll+0x767267]
V  [jvm.dll+0x7689f5]
V  [jvm.dll+0x380059]
V  [jvm.dll+0x74b794]
V  [jvm.dll+0x3ef5cd]
V  [jvm.dll+0x3f1471]
C  [jli.dll+0x51cf]
C  [ucrtbase.DLL+0x1d885]
C  [KERNEL32.DLL+0x13d2]
C  [ntdll.dll+0x154e4]


---------------  P R O C E S S  ---------------

Threads class SMR info:
_java_thread_list=0x00007ff8205c7928, length=0, elements={
}

Java Threads: ( => current thread )

Other Threads:
  0x000000f0f189a000 GCTaskThread "GC Thread#0" [stack: 0x000000f0fb9d0000,0x000000f0fbad0000] [id=14500]
  0x000000f0f18a2000 ConcurrentGCThread "G1 Main Marker" [stack: 0x000000f0fbad0000,0x000000f0fbbd0000] [id=14412]
  0x000000f0f18a3800 ConcurrentGCThread "G1 Conc#0" [stack: 0x000000f0fbbd0000,0x000000f0fbcd0000] [id=15356]

[error occurred during error reporting (printing all threads), id 0xc0000005, EXCEPTION_ACCESS_VIOLATION (0xc0000005) at pc=0x00007ff81fdf85e7]

VM state:not at safepoint (not fully initialized)

VM Mutex/Monitor currently owned by a thread:  ([mutex/lock_event])
[0x000000f0f186f6a0] Heap_lock - owner thread: 0x000000f0f1873000

Heap address: 0x00000000c8800000, size: 888 MB, Compressed Oops mode: Non-zero based: 0x00000000c8800000
Narrow klass base: 0x0000000000000000, Narrow klass shift: 0

GC Heap History (0 events):
No events

Deoptimization events (0 events):
No events

Classes redefined (0 events):
No events

Internal exceptions (0 events):
No events

Events (0 events):
No events


Dynamic libraries:
0x00007ff6906d0000 - 0x00007ff6906df000 	C:\Program Files\Java\jdk-12.0.2\bin\javaw.exe
0x00007ff843970000 - 0x00007ff843b1d000 	C:\windows\SYSTEM32\ntdll.dll
0x00007ff843410000 - 0x00007ff84354e000 	C:\windows\system32\KERNEL32.DLL
0x00007ff840b90000 - 0x00007ff840ca5000 	C:\windows\system32\KERNELBASE.dll
0x00007ff838900000 - 0x00007ff838918000 	C:\Program Files\Java\jdk-12.0.2\bin\jli.dll
0x00007ff836cf0000 - 0x00007ff836d06000 	C:\Program Files\Java\jdk-12.0.2\bin\VCRUNTIME140.dll
0x00007ff83f880000 - 0x00007ff83f884000 	C:\Program Files\Java\jdk-12.0.2\bin\api-ms-win-crt-stdio-l1-1-0.dll
0x00007ff83d4d0000 - 0x00007ff83d4d4000 	C:\Program Files\Java\jdk-12.0.2\bin\api-ms-win-crt-runtime-l1-1-0.dll
0x00007ff83d460000 - 0x00007ff83d463000 	C:\Program Files\Java\jdk-12.0.2\bin\api-ms-win-crt-environment-l1-1-0.dll
0x00007ff839230000 - 0x00007ff839235000 	C:\Program Files\Java\jdk-12.0.2\bin\api-ms-win-crt-math-l1-1-0.dll
0x00007ff836c00000 - 0x00007ff836c03000 	C:\Program Files\Java\jdk-12.0.2\bin\api-ms-win-crt-locale-l1-1-0.dll
0x00007ff83f890000 - 0x00007ff83f893000 	C:\Program Files\Java\jdk-12.0.2\bin\api-ms-win-crt-heap-l1-1-0.dll
0x00007ff841810000 - 0x00007ff8418ba000 	C:\windows\system32\ADVAPI32.dll
0x00007ff83e710000 - 0x00007ff83e98b000 	C:\windows\WinSxS\amd64_microsoft.windows.common-controls_6595b64144ccf1df_6.0.9600.18006_none_623f33d3ecbe86e8\COMCTL32.dll
0x00007ff8415c0000 - 0x00007ff841737000 	C:\windows\system32\USER32.dll
0x00007ff83e5b0000 - 0x00007ff83e5ba000 	C:\windows\SYSTEM32\VERSION.dll
0x00007ff836bf0000 - 0x00007ff836bf3000 	C:\Program Files\Java\jdk-12.0.2\bin\api-ms-win-crt-filesystem-l1-1-0.dll
0x00007ff836a80000 - 0x00007ff836a84000 	C:\Program Files\Java\jdk-12.0.2\bin\api-ms-win-crt-string-l1-1-0.dll
0x00007ff835190000 - 0x00007ff835194000 	C:\Program Files\Java\jdk-12.0.2\bin\api-ms-win-crt-convert-l1-1-0.dll
0x00007ff841370000 - 0x00007ff84141a000 	C:\windows\system32\msvcrt.dll
0x00007ff843770000 - 0x00007ff8437c9000 	C:\windows\SYSTEM32\sechost.dll
0x00007ff841220000 - 0x00007ff841361000 	C:\windows\system32\RPCRT4.dll
0x00007ff841460000 - 0x00007ff8415b0000 	C:\windows\system32\GDI32.dll
0x00007ff8334d0000 - 0x00007ff8335c6000 	C:\Program Files\Java\jdk-12.0.2\bin\ucrtbase.DLL
0x00007ff841420000 - 0x00007ff841456000 	C:\windows\system32\IMM32.DLL
0x00007ff842e00000 - 0x00007ff842f52000 	C:\windows\system32\MSCTF.dll
0x00007ff8323a0000 - 0x00007ff83244a000 	C:\Program Files\Java\jdk-12.0.2\bin\msvcp140.dll
0x00007ff836a90000 - 0x00007ff836a95000 	C:\Program Files\Java\jdk-12.0.2\bin\api-ms-win-crt-multibyte-l1-1-0.dll
0x00007ff833d60000 - 0x00007ff833d63000 	C:\Program Files\Java\jdk-12.0.2\bin\api-ms-win-crt-time-l1-1-0.dll
0x00007ff833d50000 - 0x00007ff833d53000 	C:\Program Files\Java\jdk-12.0.2\bin\api-ms-win-crt-utility-l1-1-0.dll
0x00007ff81faf0000 - 0x00007ff820667000 	C:\Program Files\Java\jdk-12.0.2\bin\server\jvm.dll
0x00007ff828130000 - 0x00007ff828139000 	C:\windows\SYSTEM32\WSOCK32.dll
0x00007ff82fe70000 - 0x00007ff82fe92000 	C:\windows\SYSTEM32\WINMM.dll
0x00007ff843960000 - 0x00007ff843967000 	C:\windows\system32\PSAPI.DLL
0x00007ff841740000 - 0x00007ff84179a000 	C:\windows\system32\WS2_32.dll
0x00007ff82fd40000 - 0x00007ff82fd6a000 	C:\windows\SYSTEM32\WINMMBASE.dll
0x00007ff843400000 - 0x00007ff843409000 	C:\windows\system32\NSI.dll
0x00007ff840fa0000 - 0x00007ff840fef000 	C:\windows\SYSTEM32\cfgmgr32.dll
0x00007ff83f8b0000 - 0x00007ff83f8d8000 	C:\windows\SYSTEM32\DEVOBJ.dll
0x00007ff834f70000 - 0x00007ff834f81000 	C:\Program Files\Java\jdk-12.0.2\bin\verify.dll
0x00007ff82ffb0000 - 0x00007ff830139000 	C:\windows\SYSTEM32\DBGHELP.DLL
0x00007ff833f10000 - 0x00007ff833f36000 	C:\Program Files\Java\jdk-12.0.2\bin\java.dll
0x00007ff834560000 - 0x00007ff834577000 	C:\Program Files\Java\jdk-12.0.2\bin\zip.dll
0x00007ff8351b0000 - 0x00007ff8351ba000 	C:\Program Files\Java\jdk-12.0.2\bin\jimage.dll

dbghelp: loaded successfully - version: 4.0.5 - missing functions: none
symbol engine: initialized successfully - sym options: 0x614 - pdb path: .;C:\Program Files\Java\jdk-12.0.2\bin;C:\windows\SYSTEM32;C:\windows\WinSxS\amd64_microsoft.windows.common-controls_6595b64144ccf1df_6.0.9600.18006_none_623f33d3ecbe86e8;C:\Program Files\Java\jdk-12.0.2\bin\server

VM Arguments:
jvm_args: -Dfile.encoding=Cp1252 
java_command: conversor
java_class_path (initial): E:\V computacion JAVA\poyectointer\bin
Launcher Type: SUN_STANDARD

[Global flags]
     intx CICompilerCount                          = 2                                         {product} {ergonomic}
     uint ConcGCThreads                            = 1                                         {product} {ergonomic}
     uint G1ConcRefinementThreads                  = 2                                         {product} {ergonomic}
   size_t G1HeapRegionSize                         = 1048576                                   {product} {ergonomic}
    uintx GCDrainStackTargetSize                   = 64                                        {product} {ergonomic}
   size_t InitialHeapSize                          = 58720256                                  {product} {ergonomic}
   size_t MarkStackSize                            = 4194304                                   {product} {ergonomic}
   size_t MaxHeapSize                              = 931135488                                 {product} {ergonomic}
   size_t MinHeapDeltaBytes                        = 1048576                                   {product} {ergonomic}
    uintx NonNMethodCodeHeapSize                   = 5825164                                {pd product} {ergonomic}
    uintx NonProfiledCodeHeapSize                  = 122916538                              {pd product} {ergonomic}
    uintx ProfiledCodeHeapSize                     = 122916538                              {pd product} {ergonomic}
    uintx ReservedCodeCacheSize                    = 251658240                              {pd product} {ergonomic}
     bool SegmentedCodeCache                       = true                                      {product} {ergonomic}
     bool UseCompressedClassPointers               = true                                 {lp64_product} {ergonomic}
     bool UseCompressedOops                        = true                                 {lp64_product} {ergonomic}
     bool UseG1GC                                  = true                                      {product} {ergonomic}
     bool UseLargePagesIndividualAllocation        = false                                  {pd product} {ergonomic}

Logging:
Log output configuration:
 #0: stdout all=warning uptime,level,tags
 #1: stderr all=off uptime,level,tags

Environment Variables:
CLASSPATH=.;C:\Program Files (x86)\QuickTime\QTSystem\QTJava.zip
PATH=C:/Program Files/Java/jdk-12.0.2/bin/server;C:/Program Files/Java/jdk-12.0.2/bin;C:\Program Files (x86)\Common Files\Oracle\Java\javapath;C:\Program Files (x86)\Lenovo\FusionEngine;C:\windows\system32;C:\windows;C:\windows\System32\Wbem;C:\windows\System32\WindowsPowerShell\v1.0\;C:\Program Files (x86)\ATI Technologies\ATI.ACE\Core-Static;C:\Program Files (x86)\Common Files\lenovo\easyplussdk\bin;C:\Program Files (x86)\Lenovo\Password Manager\;C:\Program Files (x86)\QuickTime\QTSystem\;C:\Program Files (x86)\Skype\Phone\;C:\Users\marco\Desktop;
USERNAME=marco
OS=Windows_NT
PROCESSOR_IDENTIFIER=AMD64 Family 22 Model 48 Stepping 1, AuthenticAMD



---------------  S Y S T E M  ---------------

OS: Windows 8.1 , 64 bit Build 9600 (6.3.9600.17415)

CPU:total 2 (initial active 2) (2 cores per cpu, 1 threads per core) family 22 model 48 stepping 1, cmov, cx8, fxsr, mmx, sse, sse2, sse3, ssse3, sse4.1, sse4.2, popcnt, avx, aes, clmul, mmxext, 3dnowpref, lzcnt, sse4a, tsc, tscinvbit, tscinv, bmi1

Memory: 4k page, system-wide physical 3544M (115M free)
TotalPageFile size 14296M (AvailPageFile size 10M)
current process WorkingSet (physical memory assigned to process): 8M, peak: 8M
current process commit charge ("private bytes"): 47M, peak: 103M

vm_info: Java HotSpot(TM) 64-Bit Server VM (12.0.2+10) for windows-amd64 JRE (12.0.2+10), built on Jul 16 2019 01:56:17 by "mach5one" with MS VC++ 15.5 (VS2017)

END.
